#
# There is insufficient memory for the Java Runtime Environment to continue.
# Native memory allocation (malloc) failed to allocate 2384464 bytes for Chunk::new
# Possible reasons:
#   The system is out of physical RAM or swap space
#   The process is running with CompressedOops enabled, and the Java Heap may be blocking the growth of the native heap
# Possible solutions:
#   Reduce memory load on the system
#   Increase physical memory or swap space
#   Check if swap backing store is full
#   Decrease Java heap size (-Xmx/-Xms)
#   Decrease number of Java threads
#   Decrease Java thread stack sizes (-Xss)
#   Set larger code cache with -XX:ReservedCodeCacheSize=
#   JVM is running with Unscaled Compressed Oops mode in which the Java heap is
#     placed in the first 4GB address space. The Java Heap base address is the
#     maximum limit for the native heap growth. Please use -XX:HeapBaseMinAddress
#     to set the Java Heap base and to place the Java Heap above 4GB virtual address.
# This output file may be truncated or incomplete.
#
#  Out of Memory Error (arena.cpp:168), pid=19004, tid=10176
#
# JRE version: Java(TM) SE Runtime Environment (21.0.5+9) (build 21.0.5+9-LTS-239)
# Java VM: Java HotSpot(TM) 64-Bit Server VM (21.0.5+9-LTS-239, mixed mode, sharing, tiered, compressed oops, compressed class ptrs, parallel gc, windows-amd64)
# No core dump will be written. Minidumps are not enabled by default on client versions of Windows
#

---------------  S U M M A R Y ------------

Command Line: --add-modules=ALL-SYSTEM --add-opens=java.base/java.util=ALL-UNNAMED --add-opens=java.base/java.lang=ALL-UNNAMED --add-opens=java.base/sun.nio.fs=ALL-UNNAMED -Declipse.application=org.eclipse.jdt.ls.core.id1 -Dosgi.bundles.defaultStartLevel=4 -Declipse.product=org.eclipse.jdt.ls.core.product -Djava.import.generatesMetadataFilesAtProjectRoot=false -DDetectVMInstallationsJob.disabled=true -Dfile.encoding=utf8 -XX:+UseParallelGC -XX:GCTimeRatio=4 -XX:AdaptiveSizePolicyWeight=90 -Dsun.zip.disableMemoryMapping=true -Xmx2G -Xms100m -Xlog:disable -javaagent:c:\Users\paile\.vscode\extensions\redhat.java-1.48.0\lombok\lombok-1.18.39-4050.jar -XX:+HeapDumpOnOutOfMemoryError -XX:HeapDumpPath=c:\Users\paile\AppData\Roaming\Code\User\workspaceStorage\2056ea65597c960d137090d084e51f83\redhat.java -Daether.dependencyCollector.impl=bf c:\Users\paile\.vscode\extensions\redhat.java-1.48.0\server\plugins\org.eclipse.equinox.launcher_1.7.100.v20251111-0406.jar -configuration c:\Users\paile\AppData\Roaming\Code\User\globalStorage\redhat.java\1.48.0\config_win -data c:\Users\paile\AppData\Roaming\Code\User\workspaceStorage\2056ea65597c960d137090d084e51f83\redhat.java\jdt_ws --pipe=\\.\pipe\lsp-2d608a9c934065757fc8ce990d3f22b6-sock

Host: 11th Gen Intel(R) Core(TM) i5-1135G7 @ 2.40GHz, 8 cores, 7G,  Windows 11 , 64 bit Build 26100 (10.0.26100.7019)
Time: Wed Nov 19 10:53:31 2025 India Standard Time elapsed time: 116.017546 seconds (0d 0h 1m 56s)

---------------  T H R E A D  ---------------

Current thread (0x000001a6f83eae80):  JavaThread "C2 CompilerThread0" daemon [_thread_in_native, id=10176, stack(0x000000a46fa00000,0x000000a46fb00000) (1024K)]


Current CompileTask:
C2: 116018 11843       4       org.eclipse.jdt.internal.compiler.lookup.LookupEnvironment::getTypeFromTypeSignature (770 bytes)

Stack: [0x000000a46fa00000,0x000000a46fb00000]
Native frames: (J=compiled Java code, j=interpreted, Vv=VM code, C=native code)
V  [jvm.dll+0x6ca289]
V  [jvm.dll+0x854a51]
V  [jvm.dll+0x856f7e]
V  [jvm.dll+0x857653]
V  [jvm.dll+0x27dd26]
V  [jvm.dll+0xc4c2d]
V  [jvm.dll+0xc5163]
V  [jvm.dll+0x3b4d3c]
V  [jvm.dll+0x3814b5]
V  [jvm.dll+0x38092a]
V  [jvm.dll+0x246910]
V  [jvm.dll+0x245eef]
V  [jvm.dll+0x1c6d0e]
V  [jvm.dll+0x2554d9]
V  [jvm.dll+0x253a6a]
V  [jvm.dll+0x3ee136]
V  [jvm.dll+0x7fee9b]
V  [jvm.dll+0x6c896d]
C  [ucrtbase.dll+0x37b0]
C  [KERNEL32.DLL+0x2e8d7]
C  [ntdll.dll+0x8c53c]


---------------  P R O C E S S  ---------------

Threads class SMR info:
_java_thread_list=0x000001a6d14539b0, length=44, elements={
0x000001a6e986e7b0, 0x000001a6f83da730, 0x000001a6f83dcb60, 0x000001a6f83e0310,
0x000001a6f83e13f0, 0x000001a6f83e74c0, 0x000001a6f83e7f10, 0x000001a6f83eae80,
0x000001a6fe041bf0, 0x000001a6fe0c57a0, 0x000001a6fe315c50, 0x000001a6feb3bf30,
0x000001a6fe23cbf0, 0x000001a6feba2ec0, 0x000001a6fe3375c0, 0x000001a6fedabfd0,
0x000001a6fe4c10c0, 0x000001a6ff1b1180, 0x000001a6fe134290, 0x000001a6fe873330,
0x000001a6fe872ca0, 0x000001a6fe871260, 0x000001a6fe872610, 0x000001a6fe8739c0,
0x000001a6fe871f80, 0x000001a6fe870bd0, 0x000001a6fe874050, 0x000001a6d21648e0,
0x000001a6d2164f70, 0x000001a6d2165600, 0x000001a6d2162ea0, 0x000001a6d2165c90,
0x000001a6d2164250, 0x000001a6d2166320, 0x000001a6d21669b0, 0x000001a6d2163530,
0x000001a6d2167040, 0x000001a6d2163bc0, 0x000001a6d2168a80, 0x000001a6d2167d60,
0x000001a6d21676d0, 0x000001a6d21697a0, 0x000001a6d21683f0, 0x000001a6d2169e30
}

Java Threads: ( => current thread )
  0x000001a6e986e7b0 JavaThread "main"                              [_thread_blocked, id=18140, stack(0x000000a46f000000,0x000000a46f100000) (1024K)]
  0x000001a6f83da730 JavaThread "Reference Handler"          daemon [_thread_blocked, id=17900, stack(0x000000a46f400000,0x000000a46f500000) (1024K)]
  0x000001a6f83dcb60 JavaThread "Finalizer"                  daemon [_thread_blocked, id=10936, stack(0x000000a46f500000,0x000000a46f600000) (1024K)]
  0x000001a6f83e0310 JavaThread "Signal Dispatcher"          daemon [_thread_blocked, id=22484, stack(0x000000a46f600000,0x000000a46f700000) (1024K)]
  0x000001a6f83e13f0 JavaThread "Attach Listener"            daemon [_thread_blocked, id=23384, stack(0x000000a46f700000,0x000000a46f800000) (1024K)]
  0x000001a6f83e74c0 JavaThread "Service Thread"             daemon [_thread_blocked, id=10324, stack(0x000000a46f800000,0x000000a46f900000) (1024K)]
  0x000001a6f83e7f10 JavaThread "Monitor Deflation Thread"   daemon [_thread_blocked, id=21836, stack(0x000000a46f900000,0x000000a46fa00000) (1024K)]
=>0x000001a6f83eae80 JavaThread "C2 CompilerThread0"         daemon [_thread_in_native, id=10176, stack(0x000000a46fa00000,0x000000a46fb00000) (1024K)]
  0x000001a6fe041bf0 JavaThread "C1 CompilerThread0"         daemon [_thread_blocked, id=15700, stack(0x000000a46fb00000,0x000000a46fc00000) (1024K)]
  0x000001a6fe0c57a0 JavaThread "Common-Cleaner"             daemon [_thread_blocked, id=20644, stack(0x000000a46fc00000,0x000000a46fd00000) (1024K)]
  0x000001a6fe315c50 JavaThread "Notification Thread"        daemon [_thread_blocked, id=6848, stack(0x000000a46fd00000,0x000000a46fe00000) (1024K)]
  0x000001a6feb3bf30 JavaThread "Active Thread: Equinox Container: 792d7bce-0f55-47fc-a7bf-0eb6a8ca3e5f"        [_thread_blocked, id=10252, stack(0x000000a470500000,0x000000a470600000) (1024K)]
  0x000001a6fe23cbf0 JavaThread "Refresh Thread: Equinox Container: 792d7bce-0f55-47fc-a7bf-0eb6a8ca3e5f" daemon [_thread_blocked, id=15624, stack(0x000000a470400000,0x000000a470500000) (1024K)]
  0x000001a6feba2ec0 JavaThread "Framework Event Dispatcher: Equinox Container: 792d7bce-0f55-47fc-a7bf-0eb6a8ca3e5f" daemon [_thread_blocked, id=20048, stack(0x000000a470700000,0x000000a470800000) (1024K)]
  0x000001a6fe3375c0 JavaThread "Start Level: Equinox Container: 792d7bce-0f55-47fc-a7bf-0eb6a8ca3e5f" daemon [_thread_blocked, id=21296, stack(0x000000a470800000,0x000000a470900000) (1024K)]
  0x000001a6fedabfd0 JavaThread "Bundle File Closer"         daemon [_thread_blocked, id=18192, stack(0x000000a470a00000,0x000000a470b00000) (1024K)]
  0x000001a6fe4c10c0 JavaThread "SCR Component Actor"        daemon [_thread_blocked, id=18740, stack(0x000000a470900000,0x000000a470a00000) (1024K)]
  0x000001a6ff1b1180 JavaThread "Worker-JM"                         [_thread_blocked, id=24276, stack(0x000000a470b00000,0x000000a470c00000) (1024K)]
  0x000001a6fe134290 JavaThread "JNA Cleaner"                daemon [_thread_blocked, id=10288, stack(0x000000a470c00000,0x000000a470d00000) (1024K)]
  0x000001a6fe873330 JavaThread "Worker-0"                          [_thread_blocked, id=23108, stack(0x000000a470d00000,0x000000a470e00000) (1024K)]
  0x000001a6fe872ca0 JavaThread "Worker-1"                          [_thread_blocked, id=6232, stack(0x000000a470e00000,0x000000a470f00000) (1024K)]
  0x000001a6fe871260 JavaThread "Worker-2: Initialize workspace"        [_thread_blocked, id=2072, stack(0x000000a471000000,0x000000a471100000) (1024K)]
  0x000001a6fe872610 JavaThread "Java indexing"              daemon [_thread_blocked, id=7176, stack(0x000000a471100000,0x000000a471200000) (1024K)]
  0x000001a6fe8739c0 JavaThread "Worker-4"                          [_thread_blocked, id=23672, stack(0x000000a471500000,0x000000a471600000) (1024K)]
  0x000001a6fe871f80 JavaThread "Thread-1"                   daemon [_thread_in_native, id=2444, stack(0x000000a471600000,0x000000a471700000) (1024K)]
  0x000001a6fe870bd0 JavaThread "Thread-2"                   daemon [_thread_in_native, id=7088, stack(0x000000a471700000,0x000000a471800000) (1024K)]
  0x000001a6fe874050 JavaThread "Thread-3"                   daemon [_thread_in_native, id=17584, stack(0x000000a471800000,0x000000a471900000) (1024K)]
  0x000001a6d21648e0 JavaThread "Thread-4"                   daemon [_thread_in_native, id=19324, stack(0x000000a471900000,0x000000a471a00000) (1024K)]
  0x000001a6d2164f70 JavaThread "Thread-5"                   daemon [_thread_in_native, id=18988, stack(0x000000a471a00000,0x000000a471b00000) (1024K)]
  0x000001a6d2165600 JavaThread "Thread-6"                   daemon [_thread_in_native, id=21576, stack(0x000000a471b00000,0x000000a471c00000) (1024K)]
  0x000001a6d2162ea0 JavaThread "Thread-7"                   daemon [_thread_in_native, id=15644, stack(0x000000a471c00000,0x000000a471d00000) (1024K)]
  0x000001a6d2165c90 JavaThread "Thread-8"                   daemon [_thread_in_native, id=16248, stack(0x000000a471d00000,0x000000a471e00000) (1024K)]
  0x000001a6d2164250 JavaThread "Thread-9"                   daemon [_thread_in_native, id=6280, stack(0x000000a471e00000,0x000000a471f00000) (1024K)]
  0x000001a6d2166320 JavaThread "pool-2-thread-1"                   [_thread_blocked, id=9240, stack(0x000000a471f00000,0x000000a472000000) (1024K)]
  0x000001a6d21669b0 JavaThread "WorkspaceEventsHandler"            [_thread_blocked, id=1968, stack(0x000000a46ed00000,0x000000a46ee00000) (1024K)]
  0x000001a6d2163530 JavaThread "pool-1-thread-1"                   [_thread_blocked, id=22776, stack(0x000000a472000000,0x000000a472100000) (1024K)]
  0x000001a6d2167040 JavaThread "ForkJoinPool.commonPool-worker-1" daemon [_thread_blocked, id=23616, stack(0x000000a46ee00000,0x000000a46ef00000) (1024K)]
  0x000001a6d2163bc0 JavaThread "ForkJoinPool.commonPool-worker-2" daemon [_thread_blocked, id=16592, stack(0x000000a46ef00000,0x000000a46f000000) (1024K)]
  0x000001a6d2168a80 JavaThread "ForkJoinPool.commonPool-worker-3" daemon [_thread_blocked, id=12192, stack(0x000000a470f00000,0x000000a471000000) (1024K)]
  0x000001a6d2167d60 JavaThread "ForkJoinPool.commonPool-worker-4" daemon [_thread_blocked, id=19480, stack(0x000000a472100000,0x000000a472200000) (1024K)]
  0x000001a6d21676d0 JavaThread "ForkJoinPool.commonPool-worker-5" daemon [_thread_blocked, id=23276, stack(0x000000a472200000,0x000000a472300000) (1024K)]
  0x000001a6d21697a0 JavaThread "ForkJoinPool.commonPool-worker-6" daemon [_thread_in_native, id=22448, stack(0x000000a472300000,0x000000a472400000) (1024K)]
  0x000001a6d21683f0 JavaThread "ForkJoinPool.commonPool-worker-7" daemon [_thread_blocked, id=18476, stack(0x000000a471400000,0x000000a471500000) (1024K)]
  0x000001a6d2169e30 JavaThread "Cleaner-0"                  daemon [_thread_blocked, id=18120, stack(0x000000a472400000,0x000000a472500000) (1024K)]
Total: 44

Other Threads:
  0x000001a6e992aea0 VMThread "VM Thread"                           [id=15844, stack(0x000000a46f300000,0x000000a46f400000) (1024K)]
  0x000001a6e98d9070 WatcherThread "VM Periodic Task Thread"        [id=10840, stack(0x000000a46f200000,0x000000a46f300000) (1024K)]
  0x000001a6e988bc90 WorkerThread "GC Thread#0"                     [id=18480, stack(0x000000a46f100000,0x000000a46f200000) (1024K)]
  0x000001a6fe7ae5b0 WorkerThread "GC Thread#1"                     [id=20560, stack(0x000000a46fe00000,0x000000a46ff00000) (1024K)]
  0x000001a6fe71e9b0 WorkerThread "GC Thread#2"                     [id=22920, stack(0x000000a46ff00000,0x000000a470000000) (1024K)]
  0x000001a6feddbb30 WorkerThread "GC Thread#3"                     [id=23704, stack(0x000000a470000000,0x000000a470100000) (1024K)]
  0x000001a6fe51a250 WorkerThread "GC Thread#4"                     [id=23560, stack(0x000000a470100000,0x000000a470200000) (1024K)]
  0x000001a6fe51a5f0 WorkerThread "GC Thread#5"                     [id=13704, stack(0x000000a470200000,0x000000a470300000) (1024K)]
  0x000001a6fe51a990 WorkerThread "GC Thread#6"                     [id=21488, stack(0x000000a470300000,0x000000a470400000) (1024K)]
  0x000001a6fe23d250 WorkerThread "GC Thread#7"                     [id=22488, stack(0x000000a470600000,0x000000a470700000) (1024K)]
Total: 10

Threads with active compile tasks:
C2 CompilerThread0   116143 11843       4       org.eclipse.jdt.internal.compiler.lookup.LookupEnvironment::getTypeFromTypeSignature (770 bytes)
Total: 1

VM state: not at safepoint (normal execution)

VM Mutex/Monitor currently owned by a thread: None

Heap address: 0x0000000080000000, size: 2048 MB, Compressed Oops mode: 32-bit

CDS archive(s) mapped at: [0x000001a68f000000-0x000001a68fc90000-0x000001a68fc90000), size 13172736, SharedBaseAddress: 0x000001a68f000000, ArchiveRelocationMode: 1.
Compressed class space mapped at: 0x000001a690000000-0x000001a6d0000000, reserved size: 1073741824
Narrow klass base: 0x000001a68f000000, Narrow klass shift: 0, Narrow klass range: 0x100000000

GC Precious Log:
 CardTable entry size: 512
 CPUs: 8 total, 8 available
 Memory: 7932M
 Large Page Support: Disabled
 NUMA Support: Disabled
 Compressed Oops: Enabled (32-bit)
 Alignments: Space 512K, Generation 512K, Heap 2M
 Heap Min Capacity: 100M
 Heap Initial Capacity: 100M
 Heap Max Capacity: 2G
 Pre-touch: Disabled
 Parallel Workers: 8

Heap:
 PSYoungGen      total 32256K, used 10102K [0x00000000d5580000, 0x00000000d7f80000, 0x0000000100000000)
  eden space 22528K, 1% used [0x00000000d5580000,0x00000000d55ef3c8,0x00000000d6b80000)
  from space 9728K, 99% used [0x00000000d6e80000,0x00000000d77ee6d0,0x00000000d7800000)
  to   space 7680K, 0% used [0x00000000d7800000,0x00000000d7800000,0x00000000d7f80000)
 ParOldGen       total 300032K, used 253624K [0x0000000080000000, 0x0000000092500000, 0x00000000d5580000)
  object space 300032K, 84% used [0x0000000080000000,0x000000008f7ae030,0x0000000092500000)
 Metaspace       used 67544K, committed 68992K, reserved 1114112K
  class space    used 6854K, committed 7488K, reserved 1048576K

Card table byte_map: [0x000001a6f3760000,0x000001a6f3b70000] _byte_map_base: 0x000001a6f3360000

Marking Bits: (ParMarkBitMap*) 0x00007fff48980df0
 Begin Bits: [0x000001a6f3e20000, 0x000001a6f5e20000)
 End Bits:   [0x000001a6f5e20000, 0x000001a6f7e20000)

Polling page: 0x000001a6e9930000

Metaspace:

Usage:
  Non-class:     59.27 MB used.
      Class:      6.69 MB used.
       Both:     65.96 MB used.

Virtual space:
  Non-class space:       64.00 MB reserved,      60.06 MB ( 94%) committed,  1 nodes.
      Class space:        1.00 GB reserved,       7.31 MB ( <1%) committed,  1 nodes.
             Both:        1.06 GB reserved,      67.38 MB (  6%) committed. 

Chunk freelists:
   Non-Class:  3.40 MB
       Class:  8.53 MB
        Both:  11.94 MB

MaxMetaspaceSize: unlimited
CompressedClassSpaceSize: 1.00 GB
Initial GC threshold: 21.00 MB
Current GC threshold: 100.75 MB
CDS: on
 - commit_granule_bytes: 65536.
 - commit_granule_words: 8192.
 - virtual_space_node_default_size: 8388608.
 - enlarge_chunks_in_place: 1.
 - use_allocation_guard: 0.


Internal statistics:

num_allocs_failed_limit: 6.
num_arena_births: 1198.
num_arena_deaths: 14.
num_vsnodes_births: 2.
num_vsnodes_deaths: 0.
num_space_committed: 1078.
num_space_uncommitted: 0.
num_chunks_returned_to_freelist: 20.
num_chunks_taken_from_freelist: 4415.
num_chunk_merges: 12.
num_chunk_splits: 2684.
num_chunks_enlarged: 1448.
num_inconsistent_stats: 0.

CodeHeap 'non-profiled nmethods': size=120000Kb used=7668Kb max_used=7668Kb free=112331Kb
 bounds [0x000001a687ad0000, 0x000001a688250000, 0x000001a68f000000]
CodeHeap 'profiled nmethods': size=120000Kb used=22898Kb max_used=22898Kb free=97101Kb
 bounds [0x000001a680000000, 0x000001a681660000, 0x000001a687530000]
CodeHeap 'non-nmethods': size=5760Kb used=1469Kb max_used=1516Kb free=4290Kb
 bounds [0x000001a687530000, 0x000001a6877a0000, 0x000001a687ad0000]
 total_blobs=10880 nmethods=10099 adapters=685
 compilation: enabled
              stopped_count=0, restarted_count=0
 full_count=0

Compilation events (20 events):
Event: 115.478 Thread 0x000001a6fe041bf0 11951       2       org.eclipse.m2e.core.internal.preferences.MavenConfigurationImpl::getGlobalSettingsFile (8 bytes)
Event: 115.478 Thread 0x000001a6fe041bf0 nmethod 11951 0x000001a681653a90 code [0x000001a681653c40, 0x000001a681653dc8]
Event: 115.642 Thread 0x000001a6fe041bf0 11952       2       java.lang.String::matches (6 bytes)
Event: 115.643 Thread 0x000001a6fe041bf0 nmethod 11952 0x000001a681653f10 code [0x000001a6816540e0, 0x000001a6816542e0]
Event: 115.643 Thread 0x000001a6fe041bf0 11953       2       java.util.regex.Pattern::matches (16 bytes)
Event: 115.643 Thread 0x000001a6fe041bf0 nmethod 11953 0x000001a681654410 code [0x000001a6816545c0, 0x000001a6816547a8]
Event: 115.705 Thread 0x000001a6fe041bf0 11954       2       org.eclipse.jdt.ls.core.internal.JobHelpers$BuildJobMatcher::matches (41 bytes)
Event: 115.707 Thread 0x000001a6fe041bf0 nmethod 11954 0x000001a681654910 code [0x000001a681654b20, 0x000001a681654ec8]
Event: 115.713 Thread 0x000001a6fe041bf0 11955       2       org.eclipse.m2e.core.internal.preferences.MavenConfigurationImpl::getSettingsLocations (61 bytes)
Event: 115.715 Thread 0x000001a6fe041bf0 nmethod 11955 0x000001a681655190 code [0x000001a681655380, 0x000001a6816557b0]
Event: 115.715 Thread 0x000001a6fe041bf0 11956       2       org.eclipse.m2e.core.embedder.MavenSettingsLocations::<init> (15 bytes)
Event: 115.715 Thread 0x000001a6fe041bf0 nmethod 11956 0x000001a681655a90 code [0x000001a681655c20, 0x000001a681655d50]
Event: 115.715 Thread 0x000001a6fe041bf0 11957       2       org.eclipse.m2e.core.internal.embedder.MavenImpl::getSettings (25 bytes)
Event: 115.716 Thread 0x000001a6fe041bf0 nmethod 11957 0x000001a681655e10 code [0x000001a681655fe0, 0x000001a681656208]
Event: 115.717 Thread 0x000001a6fe041bf0 11958       2       org.eclipse.m2e.core.embedder.MavenSettingsLocations::equals (8 bytes)
Event: 115.722 Thread 0x000001a6fe041bf0 nmethod 11958 0x000001a681656390 code [0x000001a681656600, 0x000001a681656d40]
Event: 115.742 Thread 0x000001a6fe041bf0 11959       2       org.apache.maven.repository.legacy.LegacyRepositorySystem::createRepository (41 bytes)
Event: 115.743 Thread 0x000001a6fe041bf0 nmethod 11959 0x000001a681657310 code [0x000001a6816574c0, 0x000001a6816577c0]
Event: 115.759 Thread 0x000001a6fe041bf0 11960       2       org.eclipse.m2e.core.internal.embedder.MavenImpl::getSettings (14 bytes)
Event: 115.996 Thread 0x000001a6fe041bf0 nmethod 11960 0x000001a681657910 code [0x000001a681657ae0, 0x000001a681657d78]

GC Heap History (20 events):
Event: 104.715 GC heap before
{Heap before GC invocations=189 (full 12):
 PSYoungGen      total 48640K, used 48384K [0x00000000d5580000, 0x00000000d9980000, 0x0000000100000000)
  eden space 31744K, 99% used [0x00000000d5580000,0x00000000d74718d0,0x00000000d7480000)
  from space 16896K, 98% used [0x00000000d7500000,0x00000000d854e810,0x00000000d8580000)
  to   space 18944K, 0% used [0x00000000d8700000,0x00000000d8700000,0x00000000d9980000)
 ParOldGen       total 300032K, used 233586K [0x0000000080000000, 0x0000000092500000, 0x00000000d5580000)
  object space 300032K, 77% used [0x0000000080000000,0x000000008e41c828,0x0000000092500000)
 Metaspace       used 61569K, committed 62976K, reserved 1114112K
  class space    used 6348K, committed 6912K, reserved 1048576K
}
Event: 104.754 GC heap after
{Heap after GC invocations=189 (full 12):
 PSYoungGen      total 42496K, used 18920K [0x00000000d5580000, 0x00000000da900000, 0x0000000100000000)
  eden space 23552K, 0% used [0x00000000d5580000,0x00000000d5580000,0x00000000d6c80000)
  from space 18944K, 99% used [0x00000000d8700000,0x00000000d997a060,0x00000000d9980000)
  to   space 27136K, 0% used [0x00000000d6c80000,0x00000000d6c80000,0x00000000d8700000)
 ParOldGen       total 300032K, used 240146K [0x0000000080000000, 0x0000000092500000, 0x00000000d5580000)
  object space 300032K, 80% used [0x0000000080000000,0x000000008ea84828,0x0000000092500000)
 Metaspace       used 61569K, committed 62976K, reserved 1114112K
  class space    used 6348K, committed 6912K, reserved 1048576K
}
Event: 105.218 GC heap before
{Heap before GC invocations=190 (full 12):
 PSYoungGen      total 42496K, used 42472K [0x00000000d5580000, 0x00000000da900000, 0x0000000100000000)
  eden space 23552K, 100% used [0x00000000d5580000,0x00000000d6c80000,0x00000000d6c80000)
  from space 18944K, 99% used [0x00000000d8700000,0x00000000d997a060,0x00000000d9980000)
  to   space 27136K, 0% used [0x00000000d6c80000,0x00000000d6c80000,0x00000000d8700000)
 ParOldGen       total 300032K, used 240146K [0x0000000080000000, 0x0000000092500000, 0x00000000d5580000)
  object space 300032K, 80% used [0x0000000080000000,0x000000008ea84828,0x0000000092500000)
 Metaspace       used 61857K, committed 63296K, reserved 1114112K
  class space    used 6385K, committed 6976K, reserved 1048576K
}
Event: 105.250 GC heap after
{Heap after GC invocations=190 (full 12):
 PSYoungGen      total 43008K, used 19343K [0x00000000d5580000, 0x00000000d9780000, 0x0000000100000000)
  eden space 23552K, 0% used [0x00000000d5580000,0x00000000d5580000,0x00000000d6c80000)
  from space 19456K, 99% used [0x00000000d6c80000,0x00000000d7f63e78,0x00000000d7f80000)
  to   space 22016K, 0% used [0x00000000d8200000,0x00000000d8200000,0x00000000d9780000)
 ParOldGen       total 300032K, used 240154K [0x0000000080000000, 0x0000000092500000, 0x00000000d5580000)
  object space 300032K, 80% used [0x0000000080000000,0x000000008ea86828,0x0000000092500000)
 Metaspace       used 61857K, committed 63296K, reserved 1114112K
  class space    used 6385K, committed 6976K, reserved 1048576K
}
Event: 105.598 GC heap before
{Heap before GC invocations=191 (full 12):
 PSYoungGen      total 43008K, used 42895K [0x00000000d5580000, 0x00000000d9780000, 0x0000000100000000)
  eden space 23552K, 100% used [0x00000000d5580000,0x00000000d6c80000,0x00000000d6c80000)
  from space 19456K, 99% used [0x00000000d6c80000,0x00000000d7f63e78,0x00000000d7f80000)
  to   space 22016K, 0% used [0x00000000d8200000,0x00000000d8200000,0x00000000d9780000)
 ParOldGen       total 300032K, used 240154K [0x0000000080000000, 0x0000000092500000, 0x00000000d5580000)
  object space 300032K, 80% used [0x0000000080000000,0x000000008ea86828,0x0000000092500000)
 Metaspace       used 61921K, committed 63360K, reserved 1114112K
  class space    used 6389K, committed 6976K, reserved 1048576K
}
Event: 105.619 GC heap after
{Heap after GC invocations=191 (full 12):
 PSYoungGen      total 44032K, used 20039K [0x00000000d5580000, 0x00000000d9600000, 0x0000000100000000)
  eden space 23552K, 0% used [0x00000000d5580000,0x00000000d5580000,0x00000000d6c80000)
  from space 20480K, 97% used [0x00000000d8200000,0x00000000d9591ec0,0x00000000d9600000)
  to   space 20480K, 0% used [0x00000000d6e00000,0x00000000d6e00000,0x00000000d8200000)
 ParOldGen       total 300032K, used 240162K [0x0000000080000000, 0x0000000092500000, 0x00000000d5580000)
  object space 300032K, 80% used [0x0000000080000000,0x000000008ea88828,0x0000000092500000)
 Metaspace       used 61921K, committed 63360K, reserved 1114112K
  class space    used 6389K, committed 6976K, reserved 1048576K
}
Event: 106.117 GC heap before
{Heap before GC invocations=192 (full 12):
 PSYoungGen      total 44032K, used 43581K [0x00000000d5580000, 0x00000000d9600000, 0x0000000100000000)
  eden space 23552K, 99% used [0x00000000d5580000,0x00000000d6c7d628,0x00000000d6c80000)
  from space 20480K, 97% used [0x00000000d8200000,0x00000000d9591ec0,0x00000000d9600000)
  to   space 20480K, 0% used [0x00000000d6e00000,0x00000000d6e00000,0x00000000d8200000)
 ParOldGen       total 300032K, used 240162K [0x0000000080000000, 0x0000000092500000, 0x00000000d5580000)
  object space 300032K, 80% used [0x0000000080000000,0x000000008ea88828,0x0000000092500000)
 Metaspace       used 62955K, committed 64448K, reserved 1114112K
  class space    used 6467K, committed 7040K, reserved 1048576K
}
Event: 106.138 GC heap after
{Heap after GC invocations=192 (full 12):
 PSYoungGen      total 43008K, used 19353K [0x00000000d5580000, 0x00000000d9380000, 0x0000000100000000)
  eden space 23552K, 0% used [0x00000000d5580000,0x00000000d5580000,0x00000000d6c80000)
  from space 19456K, 99% used [0x00000000d6e00000,0x00000000d80e6470,0x00000000d8100000)
  to   space 18944K, 0% used [0x00000000d8100000,0x00000000d8100000,0x00000000d9380000)
 ParOldGen       total 300032K, used 240170K [0x0000000080000000, 0x0000000092500000, 0x00000000d5580000)
  object space 300032K, 80% used [0x0000000080000000,0x000000008ea8a828,0x0000000092500000)
 Metaspace       used 62955K, committed 64448K, reserved 1114112K
  class space    used 6467K, committed 7040K, reserved 1048576K
}
Event: 107.186 GC heap before
{Heap before GC invocations=193 (full 12):
 PSYoungGen      total 43008K, used 42905K [0x00000000d5580000, 0x00000000d9380000, 0x0000000100000000)
  eden space 23552K, 99% used [0x00000000d5580000,0x00000000d6c7fff0,0x00000000d6c80000)
  from space 19456K, 99% used [0x00000000d6e00000,0x00000000d80e6470,0x00000000d8100000)
  to   space 18944K, 0% used [0x00000000d8100000,0x00000000d8100000,0x00000000d9380000)
 ParOldGen       total 300032K, used 240170K [0x0000000080000000, 0x0000000092500000, 0x00000000d5580000)
  object space 300032K, 80% used [0x0000000080000000,0x000000008ea8a828,0x0000000092500000)
 Metaspace       used 63294K, committed 64768K, reserved 1114112K
  class space    used 6481K, committed 7104K, reserved 1048576K
}
Event: 107.211 GC heap after
{Heap after GC invocations=193 (full 12):
 PSYoungGen      total 42496K, used 18941K [0x00000000d5580000, 0x00000000d9580000, 0x0000000100000000)
  eden space 23552K, 0% used [0x00000000d5580000,0x00000000d5580000,0x00000000d6c80000)
  from space 18944K, 99% used [0x00000000d8100000,0x00000000d937f6a0,0x00000000d9380000)
  to   space 20992K, 0% used [0x00000000d6c80000,0x00000000d6c80000,0x00000000d8100000)
 ParOldGen       total 300032K, used 241802K [0x0000000080000000, 0x0000000092500000, 0x00000000d5580000)
  object space 300032K, 80% used [0x0000000080000000,0x000000008ec22828,0x0000000092500000)
 Metaspace       used 63294K, committed 64768K, reserved 1114112K
  class space    used 6481K, committed 7104K, reserved 1048576K
}
Event: 108.260 GC heap before
{Heap before GC invocations=194 (full 12):
 PSYoungGen      total 42496K, used 41699K [0x00000000d5580000, 0x00000000d9580000, 0x0000000100000000)
  eden space 23552K, 96% used [0x00000000d5580000,0x00000000d6bb9648,0x00000000d6c80000)
  from space 18944K, 99% used [0x00000000d8100000,0x00000000d937f6a0,0x00000000d9380000)
  to   space 20992K, 0% used [0x00000000d6c80000,0x00000000d6c80000,0x00000000d8100000)
 ParOldGen       total 300032K, used 241802K [0x0000000080000000, 0x0000000092500000, 0x00000000d5580000)
  object space 300032K, 80% used [0x0000000080000000,0x000000008ec22828,0x0000000092500000)
 Metaspace       used 64804K, committed 66304K, reserved 1114112K
  class space    used 6604K, committed 7232K, reserved 1048576K
}
Event: 108.292 GC heap after
{Heap after GC invocations=194 (full 12):
 PSYoungGen      total 44032K, used 19981K [0x00000000d5580000, 0x00000000d9480000, 0x0000000100000000)
  eden space 23552K, 0% used [0x00000000d5580000,0x00000000d5580000,0x00000000d6c80000)
  from space 20480K, 97% used [0x00000000d6c80000,0x00000000d80036b0,0x00000000d8080000)
  to   space 20480K, 0% used [0x00000000d8080000,0x00000000d8080000,0x00000000d9480000)
 ParOldGen       total 300032K, used 241810K [0x0000000080000000, 0x0000000092500000, 0x00000000d5580000)
  object space 300032K, 80% used [0x0000000080000000,0x000000008ec24828,0x0000000092500000)
 Metaspace       used 64804K, committed 66304K, reserved 1114112K
  class space    used 6604K, committed 7232K, reserved 1048576K
}
Event: 109.970 GC heap before
{Heap before GC invocations=195 (full 12):
 PSYoungGen      total 44032K, used 43533K [0x00000000d5580000, 0x00000000d9480000, 0x0000000100000000)
  eden space 23552K, 100% used [0x00000000d5580000,0x00000000d6c80000,0x00000000d6c80000)
  from space 20480K, 97% used [0x00000000d6c80000,0x00000000d80036b0,0x00000000d8080000)
  to   space 20480K, 0% used [0x00000000d8080000,0x00000000d8080000,0x00000000d9480000)
 ParOldGen       total 300032K, used 241810K [0x0000000080000000, 0x0000000092500000, 0x00000000d5580000)
  object space 300032K, 80% used [0x0000000080000000,0x000000008ec24828,0x0000000092500000)
 Metaspace       used 65899K, committed 67328K, reserved 1114112K
  class space    used 6689K, committed 7296K, reserved 1048576K
}
Event: 110.002 GC heap after
{Heap after GC invocations=195 (full 12):
 PSYoungGen      total 43008K, used 20457K [0x00000000d5580000, 0x00000000d9680000, 0x0000000100000000)
  eden space 22528K, 0% used [0x00000000d5580000,0x00000000d5580000,0x00000000d6b80000)
  from space 20480K, 99% used [0x00000000d8080000,0x00000000d947a680,0x00000000d9480000)
  to   space 21504K, 0% used [0x00000000d6b80000,0x00000000d6b80000,0x00000000d8080000)
 ParOldGen       total 300032K, used 242586K [0x0000000080000000, 0x0000000092500000, 0x00000000d5580000)
  object space 300032K, 80% used [0x0000000080000000,0x000000008ece6af8,0x0000000092500000)
 Metaspace       used 65899K, committed 67328K, reserved 1114112K
  class space    used 6689K, committed 7296K, reserved 1048576K
}
Event: 111.169 GC heap before
{Heap before GC invocations=196 (full 12):
 PSYoungGen      total 43008K, used 42985K [0x00000000d5580000, 0x00000000d9680000, 0x0000000100000000)
  eden space 22528K, 100% used [0x00000000d5580000,0x00000000d6b80000,0x00000000d6b80000)
  from space 20480K, 99% used [0x00000000d8080000,0x00000000d947a680,0x00000000d9480000)
  to   space 21504K, 0% used [0x00000000d6b80000,0x00000000d6b80000,0x00000000d8080000)
 ParOldGen       total 300032K, used 242586K [0x0000000080000000, 0x0000000092500000, 0x00000000d5580000)
  object space 300032K, 80% used [0x0000000080000000,0x000000008ece6af8,0x0000000092500000)
 Metaspace       used 66664K, committed 68160K, reserved 1114112K
  class space    used 6764K, committed 7424K, reserved 1048576K
}
Event: 111.207 GC heap after
{Heap after GC invocations=196 (full 12):
 PSYoungGen      total 32256K, used 9561K [0x00000000d5580000, 0x00000000d8780000, 0x0000000100000000)
  eden space 22528K, 0% used [0x00000000d5580000,0x00000000d5580000,0x00000000d6b80000)
  from space 9728K, 98% used [0x00000000d6b80000,0x00000000d74d66b0,0x00000000d7500000)
  to   space 14336K, 0% used [0x00000000d7980000,0x00000000d7980000,0x00000000d8780000)
 ParOldGen       total 300032K, used 253608K [0x0000000080000000, 0x0000000092500000, 0x00000000d5580000)
  object space 300032K, 84% used [0x0000000080000000,0x000000008f7aa030,0x0000000092500000)
 Metaspace       used 66664K, committed 68160K, reserved 1114112K
  class space    used 6764K, committed 7424K, reserved 1048576K
}
Event: 113.728 GC heap before
{Heap before GC invocations=197 (full 12):
 PSYoungGen      total 32256K, used 31908K [0x00000000d5580000, 0x00000000d8780000, 0x0000000100000000)
  eden space 22528K, 99% used [0x00000000d5580000,0x00000000d6b52b48,0x00000000d6b80000)
  from space 9728K, 98% used [0x00000000d6b80000,0x00000000d74d66b0,0x00000000d7500000)
  to   space 14336K, 0% used [0x00000000d7980000,0x00000000d7980000,0x00000000d8780000)
 ParOldGen       total 300032K, used 253608K [0x0000000080000000, 0x0000000092500000, 0x00000000d5580000)
  object space 300032K, 84% used [0x0000000080000000,0x000000008f7aa030,0x0000000092500000)
 Metaspace       used 67120K, committed 68544K, reserved 1114112K
  class space    used 6813K, committed 7424K, reserved 1048576K
}
Event: 113.760 GC heap after
{Heap after GC invocations=197 (full 12):
 PSYoungGen      total 32768K, used 9733K [0x00000000d5580000, 0x00000000d8380000, 0x0000000100000000)
  eden space 22528K, 0% used [0x00000000d5580000,0x00000000d5580000,0x00000000d6b80000)
  from space 10240K, 95% used [0x00000000d7980000,0x00000000d8301450,0x00000000d8380000)
  to   space 10752K, 0% used [0x00000000d6e80000,0x00000000d6e80000,0x00000000d7900000)
 ParOldGen       total 300032K, used 253616K [0x0000000080000000, 0x0000000092500000, 0x00000000d5580000)
  object space 300032K, 84% used [0x0000000080000000,0x000000008f7ac030,0x0000000092500000)
 Metaspace       used 67120K, committed 68544K, reserved 1114112K
  class space    used 6813K, committed 7424K, reserved 1048576K
}
Event: 115.254 GC heap before
{Heap before GC invocations=198 (full 12):
 PSYoungGen      total 32768K, used 32261K [0x00000000d5580000, 0x00000000d8380000, 0x0000000100000000)
  eden space 22528K, 100% used [0x00000000d5580000,0x00000000d6b80000,0x00000000d6b80000)
  from space 10240K, 95% used [0x00000000d7980000,0x00000000d8301450,0x00000000d8380000)
  to   space 10752K, 0% used [0x00000000d6e80000,0x00000000d6e80000,0x00000000d7900000)
 ParOldGen       total 300032K, used 253616K [0x0000000080000000, 0x0000000092500000, 0x00000000d5580000)
  object space 300032K, 84% used [0x0000000080000000,0x000000008f7ac030,0x0000000092500000)
 Metaspace       used 67527K, committed 68992K, reserved 1114112K
  class space    used 6854K, committed 7488K, reserved 1048576K
}
Event: 115.268 GC heap after
{Heap after GC invocations=198 (full 12):
 PSYoungGen      total 32256K, used 9657K [0x00000000d5580000, 0x00000000d7f80000, 0x0000000100000000)
  eden space 22528K, 0% used [0x00000000d5580000,0x00000000d5580000,0x00000000d6b80000)
  from space 9728K, 99% used [0x00000000d6e80000,0x00000000d77ee6d0,0x00000000d7800000)
  to   space 7680K, 0% used [0x00000000d7800000,0x00000000d7800000,0x00000000d7f80000)
 ParOldGen       total 300032K, used 253624K [0x0000000080000000, 0x0000000092500000, 0x00000000d5580000)
  object space 300032K, 84% used [0x0000000080000000,0x000000008f7ae030,0x0000000092500000)
 Metaspace       used 67527K, committed 68992K, reserved 1114112K
  class space    used 6854K, committed 7488K, reserved 1048576K
}

Dll operation events (11 events):
Event: 0.185 Loaded shared library C:\Program Files\Java\jdk-21\bin\java.dll
Event: 0.450 Loaded shared library C:\Program Files\Java\jdk-21\bin\jsvml.dll
Event: 1.328 Loaded shared library C:\Program Files\Java\jdk-21\bin\zip.dll
Event: 1.358 Loaded shared library C:\Program Files\Java\jdk-21\bin\instrument.dll
Event: 1.395 Loaded shared library C:\Program Files\Java\jdk-21\bin\net.dll
Event: 1.421 Loaded shared library C:\Program Files\Java\jdk-21\bin\nio.dll
Event: 1.457 Loaded shared library C:\Program Files\Java\jdk-21\bin\zip.dll
Event: 1.542 Loaded shared library C:\Program Files\Java\jdk-21\bin\jimage.dll
Event: 2.415 Loaded shared library C:\Program Files\Java\jdk-21\bin\verify.dll
Event: 10.865 Loaded shared library C:\Users\paile\AppData\Roaming\Code\User\globalStorage\redhat.java\1.48.0\config_win\org.eclipse.equinox.launcher\org.eclipse.equinox.launcher.win32.win32.x86_64_1.2.1400.v20250801-0854\eclipse_11916.dll
Event: 17.380 Loaded shared library C:\Users\paile\AppData\Local\Temp\jna-106428433\jna9373321597468742268.dll

Deoptimization events (20 events):
Event: 113.840 Thread 0x000001a6d21697a0 Uncommon trap: trap_request=0xffffffd6 fr.pc=0x000001a688217738 relative=0x0000000000005598
Event: 113.840 Thread 0x000001a6d21697a0 Uncommon trap: reason=array_check action=maybe_recompile pc=0x000001a688217738 method=org.eclipse.jdt.internal.compiler.classfmt.ModuleInfo.readModuleAttribute(I)V @ 1029 c2
Event: 113.840 Thread 0x000001a6d21697a0 DEOPT PACKING pc=0x000001a688217738 sp=0x000000a4723fdaf0
Event: 113.840 Thread 0x000001a6d21697a0 DEOPT UNPACKING pc=0x000001a687586da2 sp=0x000000a4723fda68 mode 2
Event: 113.850 Thread 0x000001a6d21697a0 DEOPT PACKING pc=0x000001a6806d7da7 sp=0x000000a4723fdc10
Event: 113.850 Thread 0x000001a6d21697a0 DEOPT UNPACKING pc=0x000001a6875878e2 sp=0x000000a4723fd080 mode 0
Event: 113.851 Thread 0x000001a6d21697a0 Uncommon trap: trap_request=0xffffffd6 fr.pc=0x000001a688217738 relative=0x0000000000005598
Event: 113.851 Thread 0x000001a6d21697a0 Uncommon trap: reason=array_check action=maybe_recompile pc=0x000001a688217738 method=org.eclipse.jdt.internal.compiler.classfmt.ModuleInfo.readModuleAttribute(I)V @ 1029 c2
Event: 113.851 Thread 0x000001a6d21697a0 DEOPT PACKING pc=0x000001a688217738 sp=0x000000a4723fdaf0
Event: 113.851 Thread 0x000001a6d21697a0 DEOPT UNPACKING pc=0x000001a687586da2 sp=0x000000a4723fda68 mode 2
Event: 114.090 Thread 0x000001a6d2168a80 Uncommon trap: trap_request=0xffffff45 fr.pc=0x000001a688162788 relative=0x0000000000001148
Event: 114.090 Thread 0x000001a6d2168a80 Uncommon trap: reason=unstable_if action=reinterpret pc=0x000001a688162788 method=jdk.internal.reflect.Reflection.verifyMemberAccess(Ljava/lang/Class;Ljava/lang/Class;Ljava/lang/Class;I)Z @ 67 c2
Event: 114.090 Thread 0x000001a6d2168a80 DEOPT PACKING pc=0x000001a688162788 sp=0x000000a470ffe360
Event: 114.090 Thread 0x000001a6d2168a80 DEOPT UNPACKING pc=0x000001a687586da2 sp=0x000000a470ffe208 mode 2
Event: 114.550 Thread 0x000001a6d2168a80 Uncommon trap: trap_request=0xffffffde fr.pc=0x000001a688037b98 relative=0x0000000000000078
Event: 114.550 Thread 0x000001a6d2168a80 Uncommon trap: reason=class_check action=maybe_recompile pc=0x000001a688037b98 method=java.util.LinkedHashMap.afterNodeInsertion(Z)V @ 15 c2
Event: 114.550 Thread 0x000001a6d2168a80 DEOPT PACKING pc=0x000001a688037b98 sp=0x000000a470ffe8c0
Event: 114.550 Thread 0x000001a6d2168a80 DEOPT UNPACKING pc=0x000001a687586da2 sp=0x000000a470ffe838 mode 2
Event: 114.788 Thread 0x000001a6fe871260 DEOPT PACKING pc=0x000001a681482ea9 sp=0x000000a4710fef40
Event: 114.788 Thread 0x000001a6fe871260 DEOPT UNPACKING pc=0x000001a6875878e2 sp=0x000000a4710fe3f0 mode 0

Classes loaded (20 events):
Event: 100.467 Loading class javax/crypto/NullCipher
Event: 100.467 Loading class javax/crypto/NullCipher done
Event: 100.467 Loading class sun/security/util/ArrayUtil
Event: 100.468 Loading class sun/security/util/ArrayUtil done
Event: 100.702 Loading class java/util/zip/CheckedInputStream
Event: 100.704 Loading class java/util/zip/CheckedInputStream done
Event: 101.258 Loading class java/util/stream/ReduceOps$4
Event: 101.259 Loading class java/util/stream/ReduceOps$4 done
Event: 101.259 Loading class java/util/stream/ReduceOps$4ReducingSink
Event: 101.260 Loading class java/util/stream/ReduceOps$4ReducingSink done
Event: 101.384 Loading class java/util/zip/GZIPInputStream$1
Event: 101.385 Loading class java/util/zip/GZIPInputStream$1 done
Event: 106.590 Loading class sun/nio/cs/ISO_8859_1$Decoder
Event: 106.594 Loading class sun/nio/cs/ISO_8859_1$Decoder done
Event: 109.026 Loading class jdk/internal/ref/CleanerImpl$InnocuousThreadFactory
Event: 109.028 Loading class jdk/internal/ref/CleanerImpl$InnocuousThreadFactory done
Event: 110.621 Loading class java/lang/invoke/MethodHandleImpl$CountingWrapper$1
Event: 110.622 Loading class java/lang/invoke/MethodHandleImpl$CountingWrapper$1 done
Event: 114.009 Loading class java/util/HashMap$EntrySpliterator
Event: 114.012 Loading class java/util/HashMap$EntrySpliterator done

Classes unloaded (7 events):
Event: 20.506 Thread 0x000001a6e992aea0 Unloading class 0x000001a6901b9400 'java/lang/invoke/LambdaForm$MH+0x000001a6901b9400'
Event: 20.506 Thread 0x000001a6e992aea0 Unloading class 0x000001a6901b9000 'java/lang/invoke/LambdaForm$MH+0x000001a6901b9000'
Event: 20.506 Thread 0x000001a6e992aea0 Unloading class 0x000001a6901b8c00 'java/lang/invoke/LambdaForm$MH+0x000001a6901b8c00'
Event: 20.506 Thread 0x000001a6e992aea0 Unloading class 0x000001a6901b8800 'java/lang/invoke/LambdaForm$MH+0x000001a6901b8800'
Event: 20.506 Thread 0x000001a6e992aea0 Unloading class 0x000001a6901b8400 'java/lang/invoke/LambdaForm$BMH+0x000001a6901b8400'
Event: 20.506 Thread 0x000001a6e992aea0 Unloading class 0x000001a6901b8000 'java/lang/invoke/LambdaForm$DMH+0x000001a6901b8000'
Event: 20.506 Thread 0x000001a6e992aea0 Unloading class 0x000001a6901b6c00 'java/lang/invoke/LambdaForm$DMH+0x000001a6901b6c00'

Classes redefined (0 events):
No events

Internal exceptions (20 events):
Event: 111.220 Thread 0x000001a6d21697a0 Exception <a 'sun/nio/fs/WindowsException'{0x00000000d561c9a0}> (0x00000000d561c9a0) 
thrown [s\open\src\hotspot\share\prims\jni.cpp, line 520]
Event: 111.221 Thread 0x000001a6d21697a0 Exception <a 'sun/nio/fs/WindowsException'{0x00000000d561d280}> (0x00000000d561d280) 
thrown [s\open\src\hotspot\share\prims\jni.cpp, line 520]
Event: 111.226 Thread 0x000001a6d21697a0 Exception <a 'sun/nio/fs/WindowsException'{0x00000000d561ea48}> (0x00000000d561ea48) 
thrown [s\open\src\hotspot\share\prims\jni.cpp, line 520]
Event: 111.226 Thread 0x000001a6d21697a0 Exception <a 'sun/nio/fs/WindowsException'{0x00000000d561f328}> (0x00000000d561f328) 
thrown [s\open\src\hotspot\share\prims\jni.cpp, line 520]
Event: 111.236 Thread 0x000001a6d21697a0 Exception <a 'sun/nio/fs/WindowsException'{0x00000000d5775368}> (0x00000000d5775368) 
thrown [s\open\src\hotspot\share\prims\jni.cpp, line 520]
Event: 111.237 Thread 0x000001a6d21697a0 Exception <a 'sun/nio/fs/WindowsException'{0x00000000d5790530}> (0x00000000d5790530) 
thrown [s\open\src\hotspot\share\prims\jni.cpp, line 520]
Event: 111.261 Thread 0x000001a6d2168a80 Exception <a 'java/lang/NullPointerException'{0x00000000d5a07928}> (0x00000000d5a07928) 
thrown [s\open\src\hotspot\share\interpreter\linkResolver.cpp, line 1372]
Event: 111.302 Thread 0x000001a6d2168a80 Exception <a 'java/lang/NullPointerException'{0x00000000d5cf3a00}> (0x00000000d5cf3a00) 
thrown [s\open\src\hotspot\share\interpreter\linkResolver.cpp, line 1372]
Event: 111.303 Thread 0x000001a6d2168a80 Exception <a 'java/lang/NullPointerException'{0x00000000d5cf44d0}> (0x00000000d5cf44d0) 
thrown [s\open\src\hotspot\share\interpreter\linkResolver.cpp, line 1372]
Event: 111.304 Thread 0x000001a6d2168a80 Exception <a 'java/lang/NullPointerException'{0x00000000d5cf5378}> (0x00000000d5cf5378) 
thrown [s\open\src\hotspot\share\interpreter\linkResolver.cpp, line 1372]
Event: 111.304 Thread 0x000001a6d2168a80 Exception <a 'java/lang/NullPointerException'{0x00000000d5cf5b18}> (0x00000000d5cf5b18) 
thrown [s\open\src\hotspot\share\interpreter\linkResolver.cpp, line 1372]
Event: 111.491 Thread 0x000001a6d2168a80 Exception <a 'java/lang/NullPointerException'{0x00000000d6283a28}> (0x00000000d6283a28) 
thrown [s\open\src\hotspot\share\interpreter\linkResolver.cpp, line 1372]
Event: 111.492 Thread 0x000001a6d2168a80 Exception <a 'java/lang/NullPointerException'{0x00000000d62844d8}> (0x00000000d62844d8) 
thrown [s\open\src\hotspot\share\interpreter\linkResolver.cpp, line 1372]
Event: 114.185 Thread 0x000001a6d2168a80 Exception <a 'java/lang/NullPointerException'{0x00000000d5ebc2c0}> (0x00000000d5ebc2c0) 
thrown [s\open\src\hotspot\share\interpreter\linkResolver.cpp, line 1372]
Event: 114.288 Thread 0x000001a6d2168a80 Exception <a 'java/lang/NullPointerException'{0x00000000d628bf30}> (0x00000000d628bf30) 
thrown [s\open\src\hotspot\share\interpreter\linkResolver.cpp, line 1372]
Event: 114.291 Thread 0x000001a6d2168a80 Exception <a 'java/lang/NullPointerException'{0x00000000d628ca00}> (0x00000000d628ca00) 
thrown [s\open\src\hotspot\share\interpreter\linkResolver.cpp, line 1372]
Event: 114.293 Thread 0x000001a6d2168a80 Exception <a 'java/lang/NullPointerException'{0x00000000d628d8a8}> (0x00000000d628d8a8) 
thrown [s\open\src\hotspot\share\interpreter\linkResolver.cpp, line 1372]
Event: 114.294 Thread 0x000001a6d2168a80 Exception <a 'java/lang/NullPointerException'{0x00000000d628e048}> (0x00000000d628e048) 
thrown [s\open\src\hotspot\share\interpreter\linkResolver.cpp, line 1372]
Event: 114.369 Thread 0x000001a6d2168a80 Exception <a 'java/lang/NullPointerException'{0x00000000d64e9e28}> (0x00000000d64e9e28) 
thrown [s\open\src\hotspot\share\interpreter\linkResolver.cpp, line 1372]
Event: 114.370 Thread 0x000001a6d2168a80 Exception <a 'java/lang/NullPointerException'{0x00000000d64ea8d8}> (0x00000000d64ea8d8) 
thrown [s\open\src\hotspot\share\interpreter\linkResolver.cpp, line 1372]

ZGC Phase Switch (0 events):
No events

VM Operations (20 events):
Event: 109.294 Executing VM operation: Cleanup
Event: 109.332 Executing VM operation: Cleanup done
Event: 109.970 Executing VM operation: ParallelGCFailedAllocation (Allocation Failure)
Event: 110.002 Executing VM operation: ParallelGCFailedAllocation (Allocation Failure) done
Event: 111.014 Executing VM operation: Cleanup
Event: 111.015 Executing VM operation: Cleanup done
Event: 111.169 Executing VM operation: ParallelGCFailedAllocation (Allocation Failure)
Event: 111.208 Executing VM operation: ParallelGCFailedAllocation (Allocation Failure) done
Event: 112.210 Executing VM operation: Cleanup
Event: 112.210 Executing VM operation: Cleanup done
Event: 113.217 Executing VM operation: Cleanup
Event: 113.400 Executing VM operation: Cleanup done
Event: 113.530 Executing VM operation: ParallelGCFailedAllocation (Allocation Failure)
Event: 113.764 Executing VM operation: ParallelGCFailedAllocation (Allocation Failure) done
Event: 113.826 Executing VM operation: HandshakeAllThreads (Deoptimize)
Event: 113.827 Executing VM operation: HandshakeAllThreads (Deoptimize) done
Event: 114.830 Executing VM operation: Cleanup
Event: 114.856 Executing VM operation: Cleanup done
Event: 115.254 Executing VM operation: ParallelGCFailedAllocation (Allocation Failure)
Event: 115.268 Executing VM operation: ParallelGCFailedAllocation (Allocation Failure) done

Events (20 events):
Event: 103.404 Thread 0x000001a6e992aea0 flushing nmethod 0x000001a680dd8b90
Event: 103.404 Thread 0x000001a6e992aea0 flushing nmethod 0x000001a680dd8f90
Event: 103.404 Thread 0x000001a6e992aea0 flushing nmethod 0x000001a680df3a10
Event: 103.404 Thread 0x000001a6e992aea0 flushing nmethod 0x000001a680e19310
Event: 103.404 Thread 0x000001a6e992aea0 flushing nmethod 0x000001a680e1e710
Event: 103.404 Thread 0x000001a6e992aea0 flushing nmethod 0x000001a680e49b10
Event: 103.404 Thread 0x000001a6e992aea0 flushing nmethod 0x000001a680e5b990
Event: 104.215 Thread 0x000001a6d216a4c0 Thread exited: 0x000001a6d216a4c0
Event: 105.132 Thread 0x000001a6d2169e30 Thread added: 0x000001a6d2169e30
Event: 105.132 Thread 0x000001a6d216a4c0 Thread added: 0x000001a6d216a4c0
Event: 105.133 Thread 0x000001a6d2169110 Thread added: 0x000001a6d2169110
Event: 105.133 Thread 0x000001a6fe8718f0 Thread added: 0x000001a6fe8718f0
Event: 105.135 Thread 0x000001a6ff6154d0 Thread added: 0x000001a6ff6154d0
Event: 107.337 Thread 0x000001a6d2169e30 Thread exited: 0x000001a6d2169e30
Event: 107.337 Thread 0x000001a6d216a4c0 Thread exited: 0x000001a6d216a4c0
Event: 107.338 Thread 0x000001a6ff6154d0 Thread exited: 0x000001a6ff6154d0
Event: 107.338 Thread 0x000001a6fe8718f0 Thread exited: 0x000001a6fe8718f0
Event: 107.344 Thread 0x000001a6d2169110 Thread exited: 0x000001a6d2169110
Event: 107.884 Thread 0x000001a6d1959130 Thread exited: 0x000001a6d1959130
Event: 109.028 Thread 0x000001a6d2169e30 Thread added: 0x000001a6d2169e30


Dynamic libraries:
0x00007ff6ac3b0000 - 0x00007ff6ac3c0000 	C:\Program Files\Java\jdk-21\bin\java.exe
0x00007fffc7ec0000 - 0x00007fffc8128000 	C:\WINDOWS\SYSTEM32\ntdll.dll
0x00007fffc7050000 - 0x00007fffc7119000 	C:\WINDOWS\System32\KERNEL32.DLL
0x00007fffc5140000 - 0x00007fffc5538000 	C:\WINDOWS\System32\KERNELBASE.dll
0x00007fffc5770000 - 0x00007fffc58bb000 	C:\WINDOWS\System32\ucrtbase.dll
0x00007fffbee20000 - 0x00007fffbee39000 	C:\Program Files\Java\jdk-21\bin\jli.dll
0x00007fffa27f0000 - 0x00007fffa280b000 	C:\Program Files\Java\jdk-21\bin\VCRUNTIME140.dll
0x00007fffc5c70000 - 0x00007fffc5d24000 	C:\WINDOWS\System32\ADVAPI32.dll
0x00007fffc7c50000 - 0x00007fffc7cf9000 	C:\WINDOWS\System32\msvcrt.dll
0x00007fffc7ba0000 - 0x00007fffc7c46000 	C:\WINDOWS\System32\sechost.dll
0x00007fffc5de0000 - 0x00007fffc5ef8000 	C:\WINDOWS\System32\RPCRT4.dll
0x00007fffc7950000 - 0x00007fffc7b17000 	C:\WINDOWS\System32\USER32.dll
0x00007fffc5ba0000 - 0x00007fffc5bc7000 	C:\WINDOWS\System32\win32u.dll
0x00007fffc7200000 - 0x00007fffc722b000 	C:\WINDOWS\System32\GDI32.dll
0x00007fffc5010000 - 0x00007fffc513c000 	C:\WINDOWS\System32\gdi32full.dll
0x00007fffc5af0000 - 0x00007fffc5b93000 	C:\WINDOWS\System32\msvcp_win.dll
0x00007fffc4220000 - 0x00007fffc44b4000 	C:\WINDOWS\WinSxS\amd64_microsoft.windows.common-controls_6595b64144ccf1df_6.0.26100.7019_none_3e06ffa0e335b8a8\COMCTL32.dll
0x00007fffb81a0000 - 0x00007fffb81ab000 	C:\WINDOWS\SYSTEM32\VERSION.dll
0x00007fffc72b0000 - 0x00007fffc72e1000 	C:\WINDOWS\System32\IMM32.DLL
0x00007fffbede0000 - 0x00007fffbedec000 	C:\Program Files\Java\jdk-21\bin\vcruntime140_1.dll
0x00007fff7bc20000 - 0x00007fff7bcae000 	C:\Program Files\Java\jdk-21\bin\msvcp140.dll
0x00007fff47d40000 - 0x00007fff48a58000 	C:\Program Files\Java\jdk-21\bin\server\jvm.dll
0x00007fffc7230000 - 0x00007fffc72a4000 	C:\WINDOWS\System32\WS2_32.dll
0x00007fffc4e70000 - 0x00007fffc4ece000 	C:\WINDOWS\SYSTEM32\POWRPROF.dll
0x00007fffba7a0000 - 0x00007fffba7d5000 	C:\WINDOWS\SYSTEM32\WINMM.dll
0x00007fffc4e50000 - 0x00007fffc4e64000 	C:\WINDOWS\SYSTEM32\UMPDC.dll
0x00007fffc3510000 - 0x00007fffc352b000 	C:\WINDOWS\SYSTEM32\kernel.appcore.dll
0x00007fffbed30000 - 0x00007fffbed3a000 	C:\Program Files\Java\jdk-21\bin\jimage.dll
0x00007fffc47f0000 - 0x00007fffc4a32000 	C:\WINDOWS\SYSTEM32\DBGHELP.DLL
0x00007fffc6ca0000 - 0x00007fffc702b000 	C:\WINDOWS\System32\combase.dll
0x00007fffc7120000 - 0x00007fffc71f7000 	C:\WINDOWS\System32\OLEAUT32.dll
0x00007fffc46c0000 - 0x00007fffc46fc000 	C:\WINDOWS\SYSTEM32\dbgcore.DLL
0x00007fffc5a40000 - 0x00007fffc5ae5000 	C:\WINDOWS\System32\bcryptPrimitives.dll
0x00007fffa39d0000 - 0x00007fffa39df000 	C:\Program Files\Java\jdk-21\bin\instrument.dll
0x00007fff9fae0000 - 0x00007fff9faff000 	C:\Program Files\Java\jdk-21\bin\java.dll
0x00007fffc5f00000 - 0x00007fffc664f000 	C:\WINDOWS\System32\SHELL32.dll
0x00007fffc5600000 - 0x00007fffc576b000 	C:\WINDOWS\System32\wintypes.dll
0x00007fffc2360000 - 0x00007fffc2bbd000 	C:\WINDOWS\SYSTEM32\windows.storage.dll
0x00007fffc7d80000 - 0x00007fffc7e72000 	C:\WINDOWS\System32\SHCORE.dll
0x00007fffc7b20000 - 0x00007fffc7b87000 	C:\WINDOWS\System32\shlwapi.dll
0x00007fffc4f30000 - 0x00007fffc4f59000 	C:\WINDOWS\SYSTEM32\profapi.dll
0x00007fff7b490000 - 0x00007fff7b567000 	C:\Program Files\Java\jdk-21\bin\jsvml.dll
0x00007fff9d750000 - 0x00007fff9d768000 	C:\Program Files\Java\jdk-21\bin\zip.dll
0x00007fffa36a0000 - 0x00007fffa36b0000 	C:\Program Files\Java\jdk-21\bin\net.dll
0x00007fffbb870000 - 0x00007fffbb998000 	C:\WINDOWS\SYSTEM32\WINHTTP.dll
0x00007fffc3a40000 - 0x00007fffc3aab000 	C:\WINDOWS\system32\mswsock.dll
0x00007fff90bf0000 - 0x00007fff90c06000 	C:\Program Files\Java\jdk-21\bin\nio.dll
0x00007fffa2cc0000 - 0x00007fffa2cd0000 	C:\Program Files\Java\jdk-21\bin\verify.dll
0x00007fff88420000 - 0x00007fff88464000 	C:\Users\paile\AppData\Roaming\Code\User\globalStorage\redhat.java\1.48.0\config_win\org.eclipse.equinox.launcher\org.eclipse.equinox.launcher.win32.win32.x86_64_1.2.1400.v20250801-0854\eclipse_11916.dll
0x00007fffc7320000 - 0x00007fffc74b7000 	C:\WINDOWS\System32\ole32.dll
0x00007fffc4b40000 - 0x00007fffc4b5b000 	C:\WINDOWS\SYSTEM32\CRYPTSP.dll
0x00007fffc3470000 - 0x00007fffc34aa000 	C:\WINDOWS\system32\rsaenh.dll
0x00007fffc3af0000 - 0x00007fffc3b1b000 	C:\WINDOWS\SYSTEM32\USERENV.dll
0x00007fffc4f00000 - 0x00007fffc4f2a000 	C:\WINDOWS\SYSTEM32\bcrypt.dll
0x00007fffc3fd0000 - 0x00007fffc3fdc000 	C:\WINDOWS\SYSTEM32\CRYPTBASE.dll
0x00007fffc3040000 - 0x00007fffc3074000 	C:\WINDOWS\SYSTEM32\IPHLPAPI.DLL
0x00007fffc7b90000 - 0x00007fffc7b9a000 	C:\WINDOWS\System32\NSI.dll
0x00007fff7bb80000 - 0x00007fff7bbc9000 	C:\Users\paile\AppData\Local\Temp\jna-106428433\jna9373321597468742268.dll
0x00007fffc5c60000 - 0x00007fffc5c68000 	C:\WINDOWS\System32\PSAPI.DLL
0x00007fffbeae0000 - 0x00007fffbeafe000 	C:\WINDOWS\SYSTEM32\dhcpcsvc6.DLL
0x00007fffbc4f0000 - 0x00007fffbc513000 	C:\WINDOWS\SYSTEM32\dhcpcsvc.DLL

dbghelp: loaded successfully - version: 4.0.5 - missing functions: none
symbol engine: initialized successfully - sym options: 0x614 - pdb path: .;C:\Program Files\Java\jdk-21\bin;C:\WINDOWS\SYSTEM32;C:\WINDOWS\WinSxS\amd64_microsoft.windows.common-controls_6595b64144ccf1df_6.0.26100.7019_none_3e06ffa0e335b8a8;C:\Program Files\Java\jdk-21\bin\server;C:\Users\paile\AppData\Roaming\Code\User\globalStorage\redhat.java\1.48.0\config_win\org.eclipse.equinox.launcher\org.eclipse.equinox.launcher.win32.win32.x86_64_1.2.1400.v20250801-0854;C:\Users\paile\AppData\Local\Temp\jna-106428433

VM Arguments:
jvm_args: --add-modules=ALL-SYSTEM --add-opens=java.base/java.util=ALL-UNNAMED --add-opens=java.base/java.lang=ALL-UNNAMED --add-opens=java.base/sun.nio.fs=ALL-UNNAMED -Declipse.application=org.eclipse.jdt.ls.core.id1 -Dosgi.bundles.defaultStartLevel=4 -Declipse.product=org.eclipse.jdt.ls.core.product -Djava.import.generatesMetadataFilesAtProjectRoot=false -DDetectVMInstallationsJob.disabled=true -Dfile.encoding=utf8 -XX:+UseParallelGC -XX:GCTimeRatio=4 -XX:AdaptiveSizePolicyWeight=90 -Dsun.zip.disableMemoryMapping=true -Xmx2G -Xms100m -Xlog:disable -javaagent:c:\Users\paile\.vscode\extensions\redhat.java-1.48.0\lombok\lombok-1.18.39-4050.jar -XX:+HeapDumpOnOutOfMemoryError -XX:HeapDumpPath=c:\Users\paile\AppData\Roaming\Code\User\workspaceStorage\2056ea65597c960d137090d084e51f83\redhat.java -Daether.dependencyCollector.impl=bf 
java_command: c:\Users\paile\.vscode\extensions\redhat.java-1.48.0\server\plugins\org.eclipse.equinox.launcher_1.7.100.v20251111-0406.jar -configuration c:\Users\paile\AppData\Roaming\Code\User\globalStorage\redhat.java\1.48.0\config_win -data c:\Users\paile\AppData\Roaming\Code\User\workspaceStorage\2056ea65597c960d137090d084e51f83\redhat.java\jdt_ws --pipe=\\.\pipe\lsp-2d608a9c934065757fc8ce990d3f22b6-sock
java_class_path (initial): c:\Users\paile\.vscode\extensions\redhat.java-1.48.0\server\plugins\org.eclipse.equinox.launcher_1.7.100.v20251111-0406.jar
Launcher Type: SUN_STANDARD

[Global flags]
    uintx AdaptiveSizePolicyWeight                 = 90                                        {product} {command line}
     intx CICompilerCount                          = 4                                         {product} {ergonomic}
    uintx GCTimeRatio                              = 4                                         {product} {command line}
     bool HeapDumpOnOutOfMemoryError               = true                                   {manageable} {command line}
    ccstr HeapDumpPath                             = c:\Users\paile\AppData\Roaming\Code\User\workspaceStorage\2056ea65597c960d137090d084e51f83\redhat.java         {manageable} {command line}
   size_t InitialHeapSize                          = 104857600                                 {product} {command line}
   size_t MaxHeapSize                              = 2147483648                                {product} {command line}
   size_t MaxNewSize                               = 715653120                                 {product} {ergonomic}
   size_t MinHeapDeltaBytes                        = 524288                                    {product} {ergonomic}
   size_t MinHeapSize                              = 104857600                                 {product} {command line}
   size_t NewSize                                  = 34603008                                  {product} {ergonomic}
    uintx NonNMethodCodeHeapSize                   = 5839372                                {pd product} {ergonomic}
    uintx NonProfiledCodeHeapSize                  = 122909434                              {pd product} {ergonomic}
   size_t OldSize                                  = 70254592                                  {product} {ergonomic}
    uintx ProfiledCodeHeapSize                     = 122909434                              {pd product} {ergonomic}
    uintx ReservedCodeCacheSize                    = 251658240                              {pd product} {ergonomic}
     bool SegmentedCodeCache                       = true                                      {product} {ergonomic}
   size_t SoftMaxHeapSize                          = 2147483648                             {manageable} {ergonomic}
     bool UseCompressedOops                        = true                           {product lp64_product} {ergonomic}
     bool UseLargePagesIndividualAllocation        = false                                  {pd product} {ergonomic}
     bool UseParallelGC                            = true                                      {product} {command line}

Logging:
Log output configuration:
 #0: stdout all=off uptime,level,tags foldmultilines=false
 #1: stderr all=off uptime,level,tags foldmultilines=false

Environment Variables:
JAVA_HOME=C:\Program Files\Java\jdk-21
PATH=C:\Program Files\Common Files\Oracle\Java\javapath;C:\Program Files\Java\jdk-21\bin;C:\Program Files\MySQL\MySQL Server 8.0\bin;C:\windows\system32;C:\windows;C:\windows\System32\Wbem;C:\windows\System32\WindowsPowerShell\v1.0\;C:\windows\System32\OpenSSH\;C:\Program Files (x86)\NVIDIA Corporation\PhysX\Common;C:\Program Files\NVIDIA Corporation\NVIDIA NvDLISR;C:\WINDOWS;C:\WINDOWS\System32\Wbem;C:\WINDOWS\System32\WindowsPowerShell\v1.0\;C:\WINDOWS\System32\OpenSSH\;C:\Program Files\HP\HP One Agent;C:\apache-maven-3.9.9\bin;C:\WINDOWS\system32;C:\WINDOWS;C:\WINDOWS\System32\Wbem;C:\WINDOWS\System32\WindowsPowerShell\v1.0\;C:\WINDOWS\System32\OpenSSH\;C:\Program Files\nodejs\;C:\Program Files\Git\cmd;C:\Program Files (x86)\Microsoft SQL Server\160\Tools\Binn\;C:\Program Files\Microsoft SQL Server\160\Tools\Binn\;C:\Program Files\Microsoft SQL Server\Client SDK\ODBC\170\Tools\Binn\;C:\Program Files\Microsoft SQL Server\160\DTS\Binn\;C:\Program Files (x86)\Microsoft SQL Server\160\DTS\Binn\;C:\Program Files\Azure Data Studio\bin;C:\Program Files\Java\jdk-21\bin;C:\Program Files\MySQL\MySQL Shell 8.0\bin\;C:\Users\paile\AppData\Local\Programs\Python\Python39\Scripts\;C:\Users\paile\AppData\Local\Programs\Python\Python39\;C:\Users\paile\AppData\Local\Microsoft\WindowsApps;C:\Users\paile\AppData\Local\atom\bin;C:\Users\paile\AppData\Local\Microsoft\WindowsApps;C:\Program Files\JetBrains\IntelliJ IDEA Community Edition 2024.3.1.1\bin;;C:\Users\paile\AppData\Local\Programs\Microsoft VS Code\bin;C:\apache-maven-3.9.9\bin;C:\Program Files\JetBrains\PyCharm Community Edition 2024.3.1.1\bin;;C:\Users\paile\AppData\Roaming\npm;C:\Users\paile\AppData\Local\GitHubDesktop\bin;C:\Program Files\Azure Data Studio\bin
USERNAME=paile
OS=Windows_NT
PROCESSOR_IDENTIFIER=Intel64 Family 6 Model 140 Stepping 1, GenuineIntel
TMP=C:\Users\paile\AppData\Local\Temp
TEMP=C:\Users\paile\AppData\Local\Temp




Periodic native trim disabled

---------------  S Y S T E M  ---------------

OS:
 Windows 11 , 64 bit Build 26100 (10.0.26100.7019)
OS uptime: 0 days 0:43 hours

CPU: total 8 (initial active 8) (4 cores per cpu, 2 threads per core) family 6 model 140 stepping 1 microcode 0xac, cx8, cmov, fxsr, ht, mmx, 3dnowpref, sse, sse2, sse3, ssse3, sse4.1, sse4.2, popcnt, lzcnt, tsc, tscinvbit, avx, avx2, aes, erms, clmul, bmi1, bmi2, adx, avx512f, avx512dq, avx512cd, avx512bw, avx512vl, sha, fma, vzeroupper, avx512_vpopcntdq, avx512_vpclmulqdq, avx512_vaes, avx512_vnni, clflush, clflushopt, clwb, avx512_vbmi2, avx512_vbmi, rdtscp, rdpid, fsrm, gfni, avx512_bitalg, f16c, pku, cet_ibt, cet_ss, avx512_ifma
Processor Information for all 8 processors :
  Max Mhz: 2419, Current Mhz: 2419, Mhz Limit: 2419

Memory: 4k page, system-wide physical 7932M (242M free)
TotalPageFile size 31252M (AvailPageFile size 11M)
current process WorkingSet (physical memory assigned to process): 293M, peak: 665M
current process commit charge ("private bytes"): 635M, peak: 679M

vm_info: Java HotSpot(TM) 64-Bit Server VM (21.0.5+9-LTS-239) for windows-amd64 JRE (21.0.5+9-LTS-239), built on 2024-09-30T05:17:38Z by "mach5one" with MS VC++ 17.6 (VS2022)

END.
